#
# There is insufficient memory for the Java Runtime Environment to continue.
# Native memory allocation (mmap) failed to map 132120576 bytes. Error detail: G1 virtual space
# Possible reasons:
#   The system is out of physical RAM or swap space
#   This process is running with CompressedOops enabled, and the Java Heap may be blocking the growth of the native heap
# Possible solutions:
#   Reduce memory load on the system
#   Increase physical memory or swap space
#   Check if swap backing store is full
#   Decrease Java heap size (-Xmx/-Xms)
#   Decrease number of Java threads
#   Decrease Java thread stack sizes (-Xss)
#   Set larger code cache with -XX:ReservedCodeCacheSize=
#   JVM is running with Unscaled Compressed Oops mode in which the Java heap is
#     placed in the first 4GB address space. The Java Heap base address is the
#     maximum limit for the native heap growth. Please use -XX:HeapBaseMinAddress
#     to set the Java Heap base and to place the Java Heap above 4GB virtual address.
# This output file may be truncated or incomplete.
#
#  Out of Memory Error (os_windows.cpp:3828), pid=6480, tid=11140
#
# JRE version:  (21.0.5) (build )
# Java VM: OpenJDK 64-Bit Server VM (21.0.5+-12932927-b750.29, mixed mode, sharing, tiered, compressed oops, compressed class ptrs, g1 gc, windows-amd64)
# No core dump will be written. Minidumps are not enabled by default on client versions of Windows
#

---------------  S U M M A R Y ------------

Command Line: org.jetbrains.kotlin.cli.jvm.K2JVMCompiler @C:\Users\Deni Kristanto\AndroidStudioProjects\Itemku2\app\build\20250305_6577969815643879852.compiler.options

Host: Intel(R) Core(TM) i3-8100 CPU @ 3.60GHz, 4 cores, 7G,  Windows 11 , 64 bit Build 26100 (10.0.26100.3037)
Time: Wed Mar  5 23:23:56 2025 SE Asia Standard Time elapsed time: 0.261101 seconds (0d 0h 0m 0s)

---------------  T H R E A D  ---------------

Current thread (0x00000295cdadc200):  JavaThread "Unknown thread" [_thread_in_vm, id=11140, stack(0x000000e565c00000,0x000000e565d00000) (1024K)]

Stack: [0x000000e565c00000,0x000000e565d00000]
Native frames: (J=compiled Java code, j=interpreted, Vv=VM code, C=native code)
V  [jvm.dll+0x6cfb29]
V  [jvm.dll+0x85ded3]
V  [jvm.dll+0x86042e]
V  [jvm.dll+0x860b13]
V  [jvm.dll+0x27e6b6]
V  [jvm.dll+0x6cc385]
V  [jvm.dll+0x6c078a]
V  [jvm.dll+0x35525b]
V  [jvm.dll+0x35ceb6]
V  [jvm.dll+0x3aedd6]
V  [jvm.dll+0x3af0a8]
V  [jvm.dll+0x32792c]
V  [jvm.dll+0x32861b]
V  [jvm.dll+0x825919]
V  [jvm.dll+0x3bbfa8]
V  [jvm.dll+0x80ec88]
V  [jvm.dll+0x45015e]
V  [jvm.dll+0x4518c1]
C  [jli.dll+0x52ab]
C  [ucrtbase.dll+0x37b0]
C  [KERNEL32.DLL+0x2e8d7]
C  [ntdll.dll+0xbbf2c]


---------------  P R O C E S S  ---------------

Threads class SMR info:
_java_thread_list=0x00007ff802380808, length=0, elements={
}

Java Threads: ( => current thread )
Total: 0

Other Threads:
  0x00000295cfd3bb10 WorkerThread "GC Thread#0"                     [id=4584, stack(0x000000e565d00000,0x000000e565e00000) (1024K)]
  0x00000295cfd4ded0 ConcurrentGCThread "G1 Main Marker"            [id=2672, stack(0x000000e565e00000,0x000000e565f00000) (1024K)]
  0x00000295cfd4e9d0 WorkerThread "G1 Conc#0"                       [id=5628, stack(0x000000e565f00000,0x000000e566000000) (1024K)]

[error occurred during error reporting (printing all threads), id 0xc0000005, EXCEPTION_ACCESS_VIOLATION (0xc0000005) at pc=0x00007ff801b7a967]
VM state: not at safepoint (not fully initialized)

VM Mutex/Monitor currently owned by a thread:  ([mutex/lock_event])
[0x00007ff8023ed460] Heap_lock - owner thread: 0x00000295cdadc200

Heap address: 0x0000000082200000, size: 2014 MB, Compressed Oops mode: 32-bit

CDS archive(s) mapped at: [0x0000000000000000-0x0000000000000000-0x0000000000000000), size 0, SharedBaseAddress: 0x0000000800000000, ArchiveRelocationMode: 1.
Narrow klass base: 0x0000000000000000, Narrow klass shift: 0, Narrow klass range: 0x0

GC Precious Log:
 CardTable entry size: 512
 Card Set container configuration: InlinePtr #cards 5 size 8 Array Of Cards #cards 12 size 40 Howl #buckets 4 coarsen threshold 1843 Howl Bitmap #cards 512 size 80 coarsen threshold 460 Card regions per heap region 1 cards per card region 2048

Heap:
 garbage-first heap   total 0K, used 0K [0x0000000082200000, 0x0000000100000000)
  region size 1024K, 0 young (0K), 0 survivors (0K)
 Metaspace       used 0K, committed 0K, reserved 0K
  class space    used 0K, committed 0K, reserved 0K

Heap Regions: E=young(eden), S=young(survivor), O=old, HS=humongous(starts), HC=humongous(continues), CS=collection set, F=free, TAMS=top-at-mark-start, PB=parsable bottom

Card table byte_map: [0x00000295e2230000,0x00000295e2620000] _byte_map_base: 0x00000295e1e1f000

Marking Bits: (CMBitMap*) 0x00000295cfd3ca20
 Bits: [0x00000295e2620000, 0x00000295e4598000)

GC Heap History (0 events):
No events

Dll operation events (1 events):
Event: 0.206 Loaded shared library F:\Android studio\jbr\bin\java.dll

Deoptimization events (0 events):
No events

Classes loaded (0 events):
No events

Classes unloaded (0 events):
No events

Classes redefined (0 events):
No events

Internal exceptions (0 events):
No events

ZGC Phase Switch (0 events):
No events

VM Operations (0 events):
No events

Memory protections (0 events):
No events

Nmethod flushes (0 events):
No events

Events (0 events):
No events


Dynamic libraries:
0x00007ff74cd50000 - 0x00007ff74cd5a000 	F:\Android studio\jbr\bin\java.exe
0x00007ff88c600000 - 0x00007ff88c863000 	C:\WINDOWS\SYSTEM32\ntdll.dll
0x00007ff88a7c0000 - 0x00007ff88a887000 	C:\WINDOWS\System32\KERNEL32.DLL
0x00007ff889e60000 - 0x00007ff88a227000 	C:\WINDOWS\System32\KERNELBASE.dll
0x00007ff88a2f0000 - 0x00007ff88a43c000 	C:\WINDOWS\System32\ucrtbase.dll
0x00007ff882ea0000 - 0x00007ff882eb8000 	F:\Android studio\jbr\bin\jli.dll
0x00007ff88bb90000 - 0x00007ff88bd59000 	C:\WINDOWS\System32\USER32.dll
0x00007ff889ce0000 - 0x00007ff889d07000 	C:\WINDOWS\System32\win32u.dll
0x00007ff88b610000 - 0x00007ff88b63a000 	C:\WINDOWS\System32\GDI32.dll
0x00007ff8899a0000 - 0x00007ff889acb000 	C:\WINDOWS\System32\gdi32full.dll
0x00007ff889db0000 - 0x00007ff889e53000 	C:\WINDOWS\System32\msvcp_win.dll
0x00007ff85eb30000 - 0x00007ff85eb4b000 	F:\Android studio\jbr\bin\VCRUNTIME140.dll
0x00007ff86f620000 - 0x00007ff86f8b0000 	C:\WINDOWS\WinSxS\amd64_microsoft.windows.common-controls_6595b64144ccf1df_6.0.26100.3037_none_3e09262ce333c378\COMCTL32.dll
0x00007ff88a4d0000 - 0x00007ff88a579000 	C:\WINDOWS\System32\msvcrt.dll
0x00007ff88b9e0000 - 0x00007ff88ba0f000 	C:\WINDOWS\System32\IMM32.DLL
0x00007ff87aee0000 - 0x00007ff87aeec000 	F:\Android studio\jbr\bin\vcruntime140_1.dll
0x00007ff86ed90000 - 0x00007ff86ee1d000 	F:\Android studio\jbr\bin\msvcp140.dll
0x00007ff801840000 - 0x00007ff8024ca000 	F:\Android studio\jbr\bin\server\jvm.dll
0x00007ff88a700000 - 0x00007ff88a7b4000 	C:\WINDOWS\System32\ADVAPI32.dll
0x00007ff88be10000 - 0x00007ff88beb6000 	C:\WINDOWS\System32\sechost.dll
0x00007ff88c3c0000 - 0x00007ff88c4d6000 	C:\WINDOWS\System32\RPCRT4.dll
0x00007ff88ba20000 - 0x00007ff88ba94000 	C:\WINDOWS\System32\WS2_32.dll
0x00007ff877a20000 - 0x00007ff877a56000 	C:\WINDOWS\SYSTEM32\WINMM.dll
0x00007ff882080000 - 0x00007ff88208b000 	C:\WINDOWS\SYSTEM32\VERSION.dll
0x00007ff889830000 - 0x00007ff88987e000 	C:\WINDOWS\SYSTEM32\POWRPROF.dll
0x00007ff889810000 - 0x00007ff889824000 	C:\WINDOWS\SYSTEM32\UMPDC.dll
0x00007ff8887d0000 - 0x00007ff8887ea000 	C:\WINDOWS\SYSTEM32\kernel.appcore.dll
0x00007ff8758e0000 - 0x00007ff8758ea000 	F:\Android studio\jbr\bin\jimage.dll
0x00007ff876550000 - 0x00007ff876791000 	C:\WINDOWS\SYSTEM32\DBGHELP.DLL
0x00007ff88a970000 - 0x00007ff88acee000 	C:\WINDOWS\System32\combase.dll
0x00007ff88c4e0000 - 0x00007ff88c5b6000 	C:\WINDOWS\System32\OLEAUT32.dll
0x00007ff876510000 - 0x00007ff876549000 	C:\WINDOWS\SYSTEM32\dbgcore.DLL
0x00007ff889d10000 - 0x00007ff889da9000 	C:\WINDOWS\System32\bcryptPrimitives.dll
0x00007ff85eb10000 - 0x00007ff85eb30000 	F:\Android studio\jbr\bin\java.dll

dbghelp: loaded successfully - version: 4.0.5 - missing functions: none
symbol engine: initialized successfully - sym options: 0x614 - pdb path: .;F:\Android studio\jbr\bin;C:\WINDOWS\SYSTEM32;C:\WINDOWS\WinSxS\amd64_microsoft.windows.common-controls_6595b64144ccf1df_6.0.26100.3037_none_3e09262ce333c378;F:\Android studio\jbr\bin\server

VM Arguments:
java_command: org.jetbrains.kotlin.cli.jvm.K2JVMCompiler @C:\Users\Deni Kristanto\AndroidStudioProjects\Itemku2\app\build\20250305_6577969815643879852.compiler.options
java_class_path (initial): C:\Users\Deni Kristanto\.gradle\caches\modules-2\files-2.1\org.jetbrains.kotlin\kotlin-compiler-embeddable\2.0.21\79346ed53db48b18312a472602eb5c057070c54d\kotlin-compiler-embeddable-2.0.21.jar;C:\Users\Deni Kristanto\.gradle\caches\modules-2\files-2.1\org.jetbrains.kotlin\kotlin-stdlib\2.0.21\618b539767b4899b4660a83006e052b63f1db551\kotlin-stdlib-2.0.21.jar;C:\Users\Deni Kristanto\.gradle\caches\modules-2\files-2.1\org.jetbrains.kotlin\kotlin-script-runtime\2.0.21\c9b044380ad41f89aa89aa896c2d32a8c0b2129d\kotlin-script-runtime-2.0.21.jar;C:\Users\Deni Kristanto\.gradle\caches\modules-2\files-2.1\org.jetbrains.kotlin\kotlin-reflect\1.6.10\1cbe9c92c12a94eea200d23c2bbaedaf3daf5132\kotlin-reflect-1.6.10.jar;C:\Users\Deni Kristanto\.gradle\caches\modules-2\files-2.1\org.jetbrains.kotlin\kotlin-daemon-embeddable\2.0.21\c9e933b23287de9b5a17e2116b4657bb91aea72c\kotlin-daemon-embeddable-2.0.21.jar;C:\Users\Deni Kristanto\.gradle\caches\modules-2\files-2.1\org.jetbrains.intellij.deps\trove4j\1.0.20200330\3afb14d5f9ceb459d724e907a21145e8ff394f02\trove4j-1.0.20200330.jar;C:\Users\Deni Kristanto\.gradle\caches\modules-2\files-2.1\org.jetbrains.kotlinx\kotlinx-coroutines-core-jvm\1.6.4\2c997cd1c0ef33f3e751d3831929aeff1390cb30\kotlinx-coroutines-core-jvm-1.6.4.jar;C:\Users\Deni Kristanto\.gradle\caches\modules-2\files-2.1\org.jetbrains\annotations\13.0\919f0dfe192fb4e063e7dacadee7f8bb9a2672a9\annotations-13.0.jar
Launcher Type: SUN_STANDARD

[Global flags]
     intx CICompilerCount                          = 3                                         {product} {ergonomic}
     uint ConcGCThreads                            = 1                                         {product} {ergonomic}
     uint G1ConcRefinementThreads                  = 4                                         {product} {ergonomic}
   size_t G1HeapRegionSize                         = 1048576                                   {product} {ergonomic}
    uintx GCDrainStackTargetSize                   = 64                                        {product} {ergonomic}
   size_t InitialHeapSize                          = 132120576                                 {product} {ergonomic}
   size_t MarkStackSize                            = 4194304                                   {product} {ergonomic}
   size_t MaxHeapSize                              = 2111832064                                {product} {ergonomic}
   size_t MinHeapDeltaBytes                        = 1048576                                   {product} {ergonomic}
   size_t MinHeapSize                              = 8388608                                   {product} {ergonomic}
    uintx NonNMethodCodeHeapSize                   = 5832780                                {pd product} {ergonomic}
    uintx NonProfiledCodeHeapSize                  = 122912730                              {pd product} {ergonomic}
    uintx ProfiledCodeHeapSize                     = 122912730                              {pd product} {ergonomic}
    uintx ReservedCodeCacheSize                    = 251658240                              {pd product} {ergonomic}
     bool SegmentedCodeCache                       = true                                      {product} {ergonomic}
   size_t SoftMaxHeapSize                          = 2111832064                             {manageable} {ergonomic}
     bool UseCompressedOops                        = true                           {product lp64_product} {ergonomic}
     bool UseG1GC                                  = true                                      {product} {ergonomic}
     bool UseLargePagesIndividualAllocation        = false                                  {pd product} {ergonomic}

Logging:
Log output configuration:
 #0: stdout all=warning uptime,level,tags foldmultilines=false
 #1: stderr all=off uptime,level,tags foldmultilines=false

Environment Variables:
PATH=C:\WINDOWS\system32;C:\WINDOWS;C:\WINDOWS\System32\Wbem;C:\WINDOWS\System32\WindowsPowerShell\v1.0\;C:\WINDOWS\System32\OpenSSH\;C:\Program Files\dotnet\;C:\Program Files\nodejs\;C:\Program Files\Git\cmd;C:\Program Files (x86)\HP\Common\HPDestPlgIn\;C:\Users\Deni Kristanto\AppData\Local\Microsoft\WindowsApps;;C:\Users\Deni Kristanto\AppData\Local\spicetify;C:\Users\Deni Kristanto\AppData\Local\Programs\Microsoft VS Code\bin;C:\Users\Deni Kristanto\AppData\Roaming\npm;C:\Program Files (x86)\HP\Common\HPDestPlgIn\;%USERPROFILE%\AppData\Local\Microsoft\WindowsApps
USERNAME=Deni Kristanto
OS=Windows_NT
PROCESSOR_IDENTIFIER=Intel64 Family 6 Model 158 Stepping 11, GenuineIntel
TMP=C:\Users\DENIKR~1\AppData\Local\Temp
TEMP=C:\Users\DENIKR~1\AppData\Local\Temp




Periodic native trim disabled

JNI global refs:
JNI global refs: 0, weak refs: 0

JNI global refs memory usage: 0, weak refs: 0

Process memory usage:
Resident Set Size: 12568K (0% of 8244544K total physical memory with 706788K free physical memory)

OOME stack traces (most recent first):
Classloader memory used:

---------------  S Y S T E M  ---------------

OS:
 Windows 11 , 64 bit Build 26100 (10.0.26100.3037)
OS uptime: 1 days 0:50 hours

CPU: total 4 (initial active 4) (4 cores per cpu, 1 threads per core) family 6 model 158 stepping 11 microcode 0xde, cx8, cmov, fxsr, mmx, 3dnowpref, sse, sse2, sse3, ssse3, sse4.1, sse4.2, popcnt, lzcnt, tsc, tscinvbit, avx, avx2, aes, erms, clmul, bmi1, bmi2, adx, fma, vzeroupper, clflush, clflushopt, rdtscp, f16c
Processor Information for all 4 processors :
  Max Mhz: 3600, Current Mhz: 3600, Mhz Limit: 3600

Memory: 4k page, system-wide physical 8051M (690M free)
TotalPageFile size 14147M (AvailPageFile size 121M)
current process WorkingSet (physical memory assigned to process): 12M, peak: 12M
current process commit charge ("private bytes"): 51M, peak: 177M

vm_info: OpenJDK 64-Bit Server VM (21.0.5+-12932927-b750.29) for windows-amd64 JRE (21.0.5+-12932927-b750.29), built on 2025-01-17T02:01:10Z by "builder" with MS VC++ 16.10 / 16.11 (VS2019)

END.
